model	T5
1.0	0.004064
0.998049	0.023475
1.0	0.029065
1.0	0.001386
1.0	0.001442
0.994491	0.008632
1.0	0.012993
1.0	0.014139
0.996623	0.038711
1.0	0.00583
1.0	0.002669
0.437234	0.003858
1.0	0.003301
1.0	0.004192
1.0	0.006046
1.0	0.002658
1.0	0.000511
1.0	0.031681
0.996102	0.002137
0.995227	0.010875
0.995227	0.00498
0.214848	0.016031
0.1276	0.021899
0.382384	0.002798
0.995227	0.011309
1.0	0.020535
0.229884	0.003267
0.301904	0.002537
1.0	0.005169
0.994491	0.010655
0.997674	0.004803
0.998049	0.019945
0.053189	0.000865
0.994491	0.00723
0.997242	0.005722
1.0	0.001399
0.994846	0.023138
0.998049	0.002267
0.996917	0.003591
0.711224	0.009873
1.0	0.004171
0.179799	0.001627
0.994491	0.011457
0.348478	0.001421
0.997242	0.029087
0.063888	0.004192
0.009353	0.001172
0.489175	0.00614
0.995227	0.002579
1.0	0.003965
1.0	0.005347
0.997242	0.004898
0.027523	0.019215
1.0	0.010787
0.995227	0.014832
0.994491	0.0003
0.994491	0.001169
0.998049	0.016381
0.143773	0.014978
0.994491	0.0065
0.254121	0.010008
1.0	0.012844
0.093179	0.004347
0.093179	0.004347
1.0	0.005316
0.996102	0.004248
0.994491	0.002184
1.0	0.00559
0.994491	0.001888
0.995227	0.002618
1.0	0.002661
0.994491	0.016175
0.993843	0.013885
1.0	0.00467
0.996353	0.040628
1.0	0.002592
0.994491	0.000241
0.994491	0.016175
0.994491	0.001378
1.0	0.013654
0.274736	0.017263
0.998049	0.005501
0.998049	0.014198
0.998049	0.003912
0.994491	0.000452
1.0	0.005002
0.672789	0.014748
0.995643	0.011176
0.15653	0.007929
0.281849	0.018393
0.998049	0.046482
0.994491	0.000241
0.994491	0.017829
0.075848	0.002395
0.053752	0.01853
0.512198	0.001934
0.221718	0.001858
0.024923	0.00806
1.0	0.010752
0.994491	0.004001
0.994491	0.010178
0.994491	0.000793
1.0	0.004355
0.994491	0.010617
0.421615	0.002768
1.0	0.013494
1.0	0.049266
0.999014	0.051435
0.284345	0.002182
0.994846	0.028314
1.0	0.008876
0.994491	0.000369
1.0	0.014886
1.0	0.012449
0.994491	0.000547
1.0	0.004961
0.219638	0.079987
1.0	0.005144
0.221718	0.00529
0.994491	0.007881
0.99862	0.013227
0.99862	0.014565
0.994491	0.001103
0.994846	0.008803
1.0	0.005707
1.0	0.007521
0.998049	0.030888
0.997611	0.013899
0.994491	0.002184
0.249863	0.005829
1.0	0.003692
1.0	0.022321
0.162196	0.003477
0.995227	0.010082
1.0	0.011652
1.0	0.004223
0.994491	0.010617
1.0	0.002675
0.997242	0.011761
0.522552	0.007673
0.998049	0.002562
0.994491	0.00057
0.994491	0.001858
0.995227	0.044943
1.0	0.024755
0.030735	0.02654
0.998384	0.006573
0.994491	0.001858
0.995227	0.001958
0.093222	0.00208
1.0	0.001386
0.371753	0.05125
0.752919	0.021471
1.0	0.023594
1.0	0.046497
0.995227	0.013597
1.0	0.0014
0.99862	0.016009
0.994491	0.010617
1.0	0.001951
1.0	0.001593
1.0	0.005573
1.0	0.001805
0.516989	0.031058
0.211338	0.015461
1.0	0.004824
1.0	0.034176
0.996623	0.005136
0.994491	0.004203
0.998049	0.016528
1.0	0.002027
1.0	0.036276
0.994846	0.002358
0.39988	0.011335
0.030992	0.007911
1.0	0.001022
0.994491	0.000707
0.994846	0.000333
0.215672	0.0048
0.994491	0.003962
0.107302	0.014424
0.051407	0.002159
0.016883	0.006013
0.994491	0.001597
0.994491	0.042863
0.994491	0.005138
0.231533	0.001702
0.996102	0.015366
0.176149	0.007484
1.0	0.002018
1.0	0.029941
1.0	0.073794
0.994491	0.014646
0.996102	0.005071
0.208653	0.010492
0.114779	0.008394
0.997297	0.005288
0.046629	0.008187
0.998384	0.019551
0.994491	0.002222
0.017071	0.007808
0.994846	0.002445
1.0	0.0059
0.994846	0.007895
0.994491	0.005996
1.0	0.015527
0.995675	0.015178
0.994491	0.065762
0.997242	0.002256
0.995227	0.003846
0.211107	0.003741
0.213448	0.004297
0.994491	0.001553
0.056441	0.0091
0.994491	0.005271
1.0	0.006645
1.0	0.000379
1.0	0.010207
0.514378	0.005839
1.0	0.004958
1.0	0.032418
0.016883	0.00264
0.025724	0.004569
1.0	0.025888
0.994491	0.000432
0.998857	0.008652
0.995227	0.005675
0.994846	0.002878
0.994491	6.4e-05
0.131933	0.002056
0.994491	0.006435
0.414779	0.003572
0.994491	0.003851
1.0	0.001491
1.0	0.007415
1.0	0.008078
1.0	0.008261
1.0	0.006528
1.0	0.0089
0.33979	0.032832
0.019971	0.002739
0.605135	0.002526
0.080663	0.02084
0.996102	0.010514
0.994491	0.001009
0.994846	0.002372
1.0	0.001612
0.994491	0.003897
0.994491	0.010617
0.994491	0.002165
0.994491	0.010617
1.0	0.019447
0.994491	0.000778
0.994491	0.001826
0.994846	0.01297
1.0	0.000876
0.997611	0.015734
0.994491	0.032223
0.994491	0.010617
0.994491	0.001528
0.996102	0.009919
0.994491	0.002969
0.994846	0.023801
0.994491	0.010617
0.994491	0.000793
0.994491	0.007977
0.994491	0.010617
1.0	0.008508
0.997611	0.03078
0.997611	0.001541
0.997571	0.051007
0.999024	0.011951
0.994846	0.065079
0.994491	0.002381
0.994491	0.001492
0.171586	0.002648
1.0	0.033217
0.994491	0.003827
1.0	0.001642
0.202621	0.009143
0.178744	0.000241
0.994491	0.000547
0.373559	0.004841
1.0	0.062758
1.0	0.013449
0.99862	0.005604
0.994491	0.001078
1.0	0.009107
0.994491	0.03747
0.995227	0.002023
1.0	0.013388
1.0	0.008203
0.994491	0.003551
0.994491	0.033597
0.994491	0.015976
0.994491	0.003393
0.208653	0.056334
0.208653	0.00743
0.996623	0.012151
0.996102	0.024063
0.996102	0.010068
1.0	0.038503
0.996623	0.007121
0.994491	0.005218
0.195428	0.017635
0.093222	0.004061
0.994491	0.005973
1.0	0.025242
0.994491	0.003774
1.0	0.007378
0.042034	0.013022
0.997242	0.005339
0.322353	0.002112
1.0	0.034804
0.997242	0.012255
0.994491	0.002165
0.994491	0.001913
0.994491	0.01711
0.994846	0.026481
0.994491	0.003551
0.994491	0.002595
1.0	0.011558
0.156954	0.003824
0.994491	0.008198
1.0	0.001523
1.0	0.044567
1.0	0.00705
0.996102	0.006674
0.159228	0.001149
0.069681	0.002243
1.0	0.000689
1.0	0.005111
0.994491	0.000721
1.0	0.001557
0.994491	0.010617
0.994491	0.028202
0.171586	0.002404
0.994491	0.00057
0.053963	0.010091
0.994491	0.00118
0.016883	0.001683
1.0	0.003106
0.994491	3e-05
1.0	0.010011
0.994846	0.002372
0.233241	0.004818
0.994491	0.018445
0.221718	0.001299
0.994491	0.001858
0.994491	0.011457
0.320786	0.047037
1.0	0.000853
0.082583	0.000907
0.053856	0.009979
0.124273	0.003511
0.994491	0.00099
0.996623	0.009631
0.996623	0.003585
1.0	0.012724
1.0	0.012953
1.0	0.017565
0.999034	0.015391
0.999178	0.008827
1.0	0.021876
1.0	0.006953
0.206513	0.002798
1.0	0.011151
0.994491	0.010108
0.994491	0.00024
1.0	0.00688
0.994491	0.00107
1.0	0.003489
0.994491	0.001851
1.0	0.012266
0.226085	0.04187
0.994491	0.00783
1.0	0.005131
1.0	0.002643
0.994491	0.010617
0.016883	0.007029
0.998049	0.000573
0.994491	0.00138
1.0	0.006555
1.0	0.010111
1.0	0.007363
1.0	0.005464
0.994491	0.000275
1.0	0.009892
0.99862	0.010974
0.373559	0.005435
0.993257	0.00128
0.993257	0.00161
0.300867	0.01464
1.0	0.02689
0.070773	0.013905
1.0	0.014034
1.0	0.010522
0.401144	0.039179
1.0	0.005783
0.19477	0.006552
1.0	0.003266
0.994491	0.02047
0.231274	0.007061
0.998049	0.035253
0.994491	0.009113
1.0	0.008444
0.162021	0.005994
1.0	0.003475
1.0	0.024755
1.0	0.002792
0.994491	0.000477
0.994491	0.001009
0.994491	0.001781
0.994846	0.026481
0.99862	0.003698
1.0	0.001678
1.0	0.024069
0.994491	0.028202
0.994491	0.003758
1.0	0.001215
0.372137	0.019414
1.0	0.014161
1.0	0.001797
0.348426	0.033036
0.01622	0.000829
0.072713	0.003815
1.0	0.009108
1.0	0.00625
0.994491	0.001202
0.310775	0.003907
0.998049	0.032231
0.994491	0.000876
0.994491	0.009064
1.0	0.00358
1.0	0.008994
0.994491	0.001858
0.994491	0.008362
1.0	0.015734
0.211107	0.007139
1.0	0.007307
0.994491	0.001198
0.994491	0.000624
0.994491	0.000744
0.281165	0.008435
0.221718	0.002404
0.994491	0.002212
0.997242	0.001005
0.219735	0.004046
0.997242	0.011062
0.994491	0.016175
0.996623	0.010224
0.16318	0.002215
0.996102	0.009548
0.174376	0.016374
1.0	0.002393
0.358687	0.003399
0.27534	0.002291
0.998049	0.016556
0.320786	0.028197
0.348426	0.042638
0.996102	0.011807
1.0	0.011869
0.297925	0.0021
0.0674	0.013948
0.998049	0.003529
1.0	0.013152
0.461008	0.015356
0.998049	0.008737
0.998049	0.003034
0.998049	0.007734
0.695957	0.003769
0.026944	0.002102
0.296004	0.008048
1.0	0.001232
1.0	0.00171
1.0	0.000713
1.0	0.027071
1.0	0.001481
0.994491	0.013022
0.994491	0.028202
0.179023	0.015876
0.219418	0.014239
0.997611	0.004819
0.997242	0.010575
0.995643	0.016607
0.997611	0.014105
1.0	0.016865
1.0	0.03557
1.0	0.001454
0.995227	0.031226
0.997242	0.02747
0.261333	0.006333
0.995227	0.011323
0.994491	0.035088
0.996102	0.016826
0.996102	0.001747
1.0	0.019288
0.994846	0.001309
1.0	0.009469
1.0	0.006963
1.0	0.004755
0.995227	0.015971
0.069681	0.010535
0.106558	0.020471
0.409076	0.012427
0.996102	0.049914
0.02341	0.000972
0.996102	0.000293
1.0	0.00115
0.996102	0.000706
0.996623	0.008995
0.246292	0.020255
0.994491	0.002793
1.0	0.003012
1.0	0.005731
0.995643	0.00151
0.067665	0.006537
0.994491	0.004612
0.994491	0.003393
0.056783	0.012882
0.996102	0.007569
0.994491	0.002165
0.994491	0.010679
0.994491	0.000523
0.277967	0.026434
1.0	0.009143
1.0	0.026319
0.260607	0.009029
0.996353	0.033497
0.994491	0.004566
0.995227	0.01062
0.998049	0.006591
0.994491	0.000547
0.994491	0.001079
0.074831	0.007924
1.0	0.002004
0.994491	0.010551
0.995227	0.017025
0.993843	0.021027
0.047334	0.001213
1.0	0.001572
0.771839	0.030036
0.022765	0.001512
0.057393	0.003614
1.0	0.012381
1.0	0.003525
0.993843	0.002816
0.998049	0.009657
1.0	0.012609
1.0	0.007381
1.0	0.001643
0.996102	0.01013
1.0	0.01517
0.351898	0.002748
0.443111	0.057481
1.0	0.004721
1.0	0.004137
1.0	0.00402
0.230788	0.006798
1.0	0.000824
0.994158	0.003133
1.0	0.003859
1.0	0.023646
1.0	0.005071
0.998824	0.008209
0.994491	0.006239
1.0	0.017441
1.0	0.01287
0.086545	0.012591
1.0	0.003012
0.994491	0.000872
0.994491	0.010617
1.0	0.015116
1.0	0.001238
0.994491	0.000626
1.0	0.003475
0.28714	0.008575
0.548377	0.017025
1.0	0.009143
0.994491	0.007113
0.996623	0.000468
0.993843	0.006441
0.994491	0.004423
0.994491	0.001915
0.99679	0.002952
0.997242	0.003763
1.0	0.015247
0.997611	0.00974
0.193053	0.004207
0.996102	0.001282
1.0	0.011799
0.994491	0.010617
0.994846	0.062093
1.0	0.003384
0.193053	0.019821
0.994491	0.006013
0.996102	0.008419
0.997242	0.004356
1.0	0.002613
0.637899	0.03443
0.016883	0.007326
0.173214	0.023948
0.996102	0.002939
1.0	0.007293
0.490119	0.016224
0.992217	0.000748
0.255131	0.00233
0.409076	0.00551
0.996102	0.001075
0.246292	0.002786
0.453135	0.037292
0.996623	0.010636
0.996102	0.000822
1.0	0.036453
0.996353	0.002169
1.0	0.005128
1.0	0.005564
1.0	0.003518
0.016883	0.003418
1.0	0.012107
0.994491	0.004273
1.0	0.018578
0.994491	0.010617
0.069681	0.001571
0.994491	0.001349
0.560983	0.001626
0.998049	0.014563
0.805284	0.021516
1.0	0.008391
0.995227	0.002618
0.996102	0.012185
1.0	0.003619
1.0	0.005201
1.0	0.003012
1.0	0.005539
1.0	0.003128
0.995227	0.007455
1.0	0.033973
0.995227	0.014471
0.996102	0.008878
1.0	0.003192
0.997611	0.004819
1.0	0.00609
0.997242	0.01392
0.025668	0.005358
1.0	0.003049
0.016883	0.006934
0.038453	0.007671
0.995227	0.000881
0.996102	0.007197
0.994491	0.006962
0.140805	0.006276
0.221718	0.002213
1.0	0.003072
0.996102	0.009919
0.996102	0.002259
1.0	0.002309
0.504643	0.001413
1.0	0.003475
1.0	0.009933
1.0	0.009812
0.99543	0.015742
1.0	0.004802
1.0	0.007369
1.0	0.007439
1.0	0.001403
0.994491	0.000626
0.265854	0.020441
0.995643	0.010685
0.408641	0.022744
0.15648	0.007629
0.996102	0.007356
0.995227	0.025662
0.995227	0.005838
0.994491	0.047252
0.204696	0.00543
0.998642	0.05156
0.994491	0.010617
0.0948	0.000651
0.994491	0.001203
0.090538	0.002952
0.053254	0.016867
0.995227	0.006377
0.997872	0.023639
0.995227	0.00498
0.995227	0.005205
0.231747	0.015925
1.0	0.029703
0.994491	0.010617
0.997242	0.0013
0.994491	0.008043
1.0	0.006025
0.994491	0.002763
0.993843	0.0096
1.0	0.003595
0.994491	0.010617
0.994491	0.010617
0.994491	0.010852
0.998049	0.006655
1.0	0.012993
1.0	0.02362
1.0	0.011634
0.994491	0.001858
0.994491	0.028202
0.997242	0.008572
1.0	0.004824
0.994846	0.010734
1.0	0.010031
0.991303	0.007316
0.214854	0.004564
0.995227	0.004251
0.995227	0.02657
1.0	0.01439
0.995227	0.032426
0.349671	0.028888
0.995227	0.001943
0.994491	0.002372
0.995095	0.012171
0.221718	0.002655
0.36096	0.011054
1.0	0.000464
1.0	0.008089
0.997242	0.01318
0.548377	0.012016
1.0	0.000609
0.995227	0.033337
0.996623	0.001824
0.996623	0.00829
0.268098	0.033865
0.994491	0.002396
1.0	0.00313
0.05712	0.003054
0.993843	0.014976
1.0	0.036183
0.490119	0.006538
0.995643	0.005229
0.20736	0.021939
0.997242	0.006176
1.0	0.011697
0.996623	0.011233
0.995227	0.001632
0.995643	0.009609
0.994846	0.011081
0.512198	0.002895
1.0	0.002048
1.0	0.001797
1.0	0.005981
1.0	0.036228
0.328021	0.029311
0.453135	0.021329
0.996623	0.004384
0.016883	0.00417
1.0	0.031947
0.192484	0.008504
0.994491	0.010617
1.0	0.001289
0.998049	0.016191
0.994491	0.004357
1.0	0.007721
1.0	0.007541
1.0	0.043177
1.0	0.036091
1.0	0.006733
0.99862	0.018811
1.0	0.003841
1.0	0.002397
0.999188	0.023405
1.0	0.009436
1.0	0.022647
0.996623	0.016405
0.993843	0.009218
0.995643	0.002768
1.0	0.007794
0.996623	0.021823
1.0	0.016042
1.0	0.005833
1.0	0.007177
0.107625	0.000239
0.994491	0.001349
0.994491	0.000624
0.994491	0.001169
0.994491	0.001858
0.994491	0.001941
0.996623	0.008784
1.0	0.001404
1.0	0.000519
0.994846	0.001418
0.994491	0.001009
0.011706	0.001639
0.998049	0.0094
0.998049	0.005395
1.0	0.004298
0.994846	0.021166
1.0	0.009217
1.0	0.01541
1.0	0.021489
0.996353	0.104758
0.995643	0.048147
1.0	0.001678
1.0	0.016309
0.994491	0.002927
0.078013	0.014111
1.0	0.005825
1.0	0.002926
0.994491	0.00411
0.994491	0.003393
0.997242	0.02371
0.634562	0.008804
0.993843	0.015862
1.0	0.011735
1.0	0.011214
1.0	0.014585
0.082583	0.005542
0.266821	0.006368
1.0	0.009474
1.0	0.024418
0.995227	0.005104
1.0	0.009716
1.0	0.016865
1.0	0.003366
0.035535	0.047267
1.0	0.043828
1.0	0.008128
0.016883	0.028202
1.0	0.001468
0.995227	0.010717
1.0	0.020691
1.0	0.006076
1.0	0.002179
0.994491	0.010617
1.0	0.046684
1.0	0.008992
0.99543	0.010596
0.998049	0.00251
1.0	0.022591
1.0	0.002561
1.0	0.022497
0.994846	0.010539
1.0	0.010618
1.0	0.016045
0.479341	0.001526
0.996623	0.027085
0.328021	0.002623
0.994491	0.016406
1.0	0.01889
1.0	0.017445
1.0	0.038683
0.27358	0.002097
1.0	0.049174
1.0	0.003475
1.0	0.002317
0.016883	0.044627
0.998949	0.006594
1.0	0.002044
0.997242	0.014915
0.995227	0.002122
0.995227	0.016855
0.262644	0.004343
0.994491	0.005447
1.0	0.000989
0.996917	0.023763
0.996917	0.018358
0.514378	0.012413
1.0	0.014171
0.99862	0.010137
0.997242	0.005816
0.997242	0.003424
0.993843	0.0096
0.452105	0.001205
0.162967	0.014976
0.996623	0.003551
0.994846	0.012784
0.256951	0.003218
0.994491	0.000477
1.0	0.028581
0.49641	0.013191
1.0	0.009006
0.995643	0.019676
1.0	0.010049
0.178198	0.002175
0.010199	0.015678
1.0	0.001896
0.996102	0.00416
0.217405	0.008904
0.994491	0.003724
0.994491	0.009746
0.15871	0.00299
0.995643	0.017222
0.156954	0.010149
1.0	0.022056
0.994491	0.003475
0.994491	0.00289
0.994491	0.008647
1.0	0.016822
0.995227	0.007796
1.0	0.004821
0.99862	0.019357
1.0	0.017385
0.314612	0.001251
0.075906	0.006942
0.994491	0.001427
0.382921	0.005564
0.993843	0.009678
0.6093	0.001425
0.992217	0.028666
1.0	0.006943
1.0	0.005443
0.016883	0.001853
0.994491	0.00584
0.024431	0.001689
1.0	0.001675
1.0	0.003399
0.995227	0.00335
0.995227	0.016219
0.998049	0.010681
0.994846	0.013433
1.0	0.022782
0.996917	0.002145
1.0	0.001245
0.54599	0.010201
0.092195	0.001457
0.018099	0.000567
0.132763	0.00265
0.044456	0.007629
1.0	0.004422
1.0	1.0
1.0	0.003238
1.0	0.017211
1.0	0.058446
0.996102	0.004551
1.0	0.009851
0.993843	0.00528
1.0	0.002525
0.994491	0.055858
0.020479	0.01645
0.036217	0.019765
1.0	0.017148
0.994491	0.010617
0.994491	0.004225
0.994491	0.013022
0.999188	0.01025
0.998049	0.010144
0.998965	0.003559
1.0	0.0131
0.994491	0.00264
0.271371	0.006141
0.00484	0.016658
0.106582	0.005314
0.512198	0.003425
0.044954	0.036672
0.290459	0.005395
1.0	0.015734
1.0	0.016502
0.057505	0.007029
0.994491	0.021613
0.994491	0.00123
0.996623	0.005508
0.994491	0.000712
0.995643	0.030445
1.0	0.00208
0.186359	0.003106
1.0	0.02908
1.0	0.003563
1.0	0.000676
0.997297	0.021696
0.995227	0.001342
1.0	0.006915
1.0	0.000421
0.995203	0.004752
0.995643	0.000638
1.0	0.003072
0.995227	0.001559
0.995227	0.004995
1.0	0.00402
0.998049	0.008818
0.219306	0.023373
1.0	0.004325
1.0	0.004283
1.0	0.004532
1.0	0.00224
0.992217	0.003022
0.050936	0.021463
1.0	0.005643
0.994491	0.018612
0.016883	0.016175
0.995203	0.00524
0.99543	0.019072
1.0	0.020816
0.997242	0.01315
0.186359	0.000952
0.038951	0.005339
0.998049	0.016654
1.0	0.025909
0.994491	0.001023
1.0	0.014109
0.994491	0.009816
0.998049	0.011095
1.0	0.008765
0.110955	0.004136
0.016883	0.00346
1.0	0.002468
0.032053	0.005976
0.132763	0.002556
1.0	0.002173
0.37519	0.000524
1.0	0.018164
0.421615	0.00818
0.994491	0.028202
0.421615	0.00765
0.161064	0.007129
0.074332	0.003918
1.0	0.002166
0.994491	0.00411
0.038984	0.010668
1.0	0.013681
0.997492	0.008071
0.996102	0.003619
0.195428	0.005581
0.598797	0.003505
0.994491	0.001029
1.0	0.026509
0.99862	0.035087
0.997297	0.021696
0.996353	0.040628
0.997242	0.080136
1.0	0.005735
0.1652	0.011659
1.0	0.021419
0.995227	0.009138
1.0	0.012974
1.0	0.004197
0.994491	0.004049
0.992217	0.030777
0.994491	0.012101
1.0	0.014181
1.0	0.001471
0.994491	0.004019
1.0	0.002688
0.043117	0.004156
0.996102	0.008528
1.0	0.002251
1.0	0.00167
0.113392	0.023376
1.0	0.00083
1.0	0.024699
0.035262	0.053718
0.253216	0.017866
0.07143	0.023061
0.224005	0.001271
0.994491	0.003897
1.0	0.005422
0.995643	0.06747
0.356304	0.016832
0.996102	0.006895
0.996102	0.00444
0.998049	0.016249
0.150345	0.004198
0.996102	0.044404
0.995227	0.004771
0.996102	0.007052
1.0	0.00053
1.0	0.00046
1.0	0.000493
1.0	0.013171
0.993543	0.001799
0.206508	0.027159
1.0	0.003054
0.997242	0.027219
0.301332	0.023204
0.03478	0.010391
1.0	0.029257
0.016883	0.008437
0.994491	0.002131
0.997242	0.014283
0.994491	0.010617
1.0	0.000978
0.994491	0.014008
0.998049	0.017951
0.998049	0.012528
0.995227	0.003569
1.0	0.00466
1.0	0.012692
0.302227	0.004205
0.995227	0.00305
1.0	0.003857
0.995227	0.002253
1.0	0.006887
0.016883	0.013022
1.0	0.004402
0.994846	0.023325
0.996353	0.030262
1.0	0.011353
1.0	0.004259
0.994491	0.00315
0.996623	0.014306
0.995227	0.001013
0.427574	0.012877
0.060137	0.02694
1.0	0.015034
1.0	0.007124
0.994491	0.023951
0.998049	0.008222
0.994491	0.035918
0.996623	0.011532
0.838694	0.020637
0.421615	0.011894
1.0	0.003695
0.024104	0.022101
0.994491	0.002937
1.0	0.026295
0.994491	0.028202
0.994491	0.000477
1.0	0.05459
0.995227	0.017219
1.0	0.004426
1.0	0.021674
0.997242	0.002612
0.193637	0.040903
1.0	0.007927
1.0	0.003655
1.0	0.007927
1.0	0.011635
0.996102	0.005431
0.397627	0.002373
0.996102	0.008173
1.0	0.002586
0.995227	0.013834
1.0	0.002327
0.998851	0.00309
0.016883	0.028202
0.994491	0.004048
1.0	0.013557
0.995227	0.002741
0.995227	0.006304
1.0	0.009606
0.06599	0.018697
0.516989	0.007632
0.995643	0.001264
0.994491	0.009764
0.996102	0.00494
1.0	0.002892
0.035783	0.002113
0.408641	0.007578
1.0	0.005212
0.996102	0.004521
0.827244	0.053855
0.995227	0.005161
1.0	0.030182
0.196614	0.002374
1.0	0.001561
0.222246	0.015258
0.019154	0.006858
0.994158	0.017062
1.0	0.021429
0.234501	0.006954
0.995227	0.002757
0.540323	0.018949
1.0	0.011882
0.994491	0.010617
0.995643	0.003047
0.998049	0.008372
0.994846	0.026481
0.996102	0.017838
1.0	0.000758
1.0	0.032914
1.0	0.013031
0.995203	0.020402
1.0	0.002472
1.0	0.001679
1.0	0.004291
0.295767	0.002607
1.0	0.047261
0.213809	0.009161
0.995227	0.010709
0.99543	0.047113
0.99543	0.007966
0.997242	0.007088
1.0	0.004042
0.9988	0.000792
0.994491	0.007701
0.995227	0.010011
0.994491	0.010642
0.994491	0.010642
1.0	0.002869
1.0	0.003487
0.998049	0.01433
0.206722	0.009741
1.0	0.000569
0.016883	0.006743
0.10056	0.005862
1.0	0.001679
0.156518	0.004779
1.0	0.00264
0.995643	0.020793
0.020921	0.031415
0.994491	0.000372
0.996623	0.004963
0.996623	0.020382
0.998384	0.026732
0.998049	0.030606
1.0	0.000803
0.049991	0.006444
0.998049	0.001874
1.0	0.013674
0.996102	0.002939
0.998049	0.017078
0.997492	0.004055
1.0	0.001689
0.994491	0.003551
1.0	0.012535
1.0	0.007354
0.996102	0.004535
0.994491	0.002441
1.0	0.00088
1.0	0.004366
1.0	0.015778
0.023025	0.018146
1.0	0.006642
1.0	0.003455
0.162021	0.001044
0.994491	0.004387
0.994491	0.006743
0.996102	0.014801
0.994491	0.008084
0.994491	0.006824
1.0	0.002696
1.0	0.003851
0.997242	0.002546
1.0	0.016041
0.569355	0.005855
0.996623	0.028943
0.994491	0.000951
0.994491	0.010617
1.0	0.102053
1.0	0.004721
0.110815	0.006362
0.399633	0.010176
1.0	0.006442
1.0	0.005395
1.0	0.010186
0.455368	0.006616
0.455368	0.003337
0.994491	0.003489
1.0	0.033934
0.409076	0.008103
0.994491	0.006168
1.0	0.002028
1.0	0.002028
1.0	0.006183
0.997242	0.004018
1.0	0.010191
0.122649	0.012188
1.0	0.006693
0.994491	0.002763
1.0	0.012609
1.0	0.009472
0.994846	0.017014
0.996102	0.002605
0.512198	0.030043
0.452441	0.004446
0.996102	0.003699
1.0	0.006031
0.994491	0.005583
1.0	0.009024
1.0	0.009336
0.045416	0.002932
0.024429	0.012083
0.313488	0.037749
1.0	0.043651
0.551939	0.004972
1.0	0.022752
0.995227	0.00498
0.998049	0.011065
0.994491	0.001067
0.994491	0.006439
1.0	0.04058
0.997242	0.004453
0.994491	0.000477
0.996623	0.010739
0.994491	0.001758
0.595435	0.002528
1.0	0.015662
0.994491	0.002685
0.145483	0.008276
0.996102	0.022511
0.225896	0.022443
1.0	0.006656
0.994491	0.006064
1.0	0.01376
0.994491	0.001946
1.0	0.008366
0.994491	0.000934
1.0	0.002547
0.996623	0.014421
0.997242	0.003728
1.0	0.025907
0.163587	0.011493
0.994491	0.009471
0.215264	0.002631
0.512198	0.009083
1.0	0.004691
0.994491	0.00422
0.994491	0.000599
0.996102	0.023957
0.996102	0.004411
0.994491	0.00659
0.215612	0.007774
0.994491	0.008963
0.994491	0.002702
0.994491	0.018052
0.504874	0.011793
0.458585	0.018956
0.172514	0.014563
0.172514	0.014563
1.0	0.012362
0.994491	0.000311
0.994491	0.008046
0.994491	0.016175
1.0	0.016635
0.994491	0.033597
0.994491	0.006824
0.016883	0.028202
0.016883	0.01227
1.0	0.072412
0.611121	0.023217
0.073251	0.013336
0.994491	0.003117
0.109409	0.003241
0.994491	0.00027
0.996623	0.025599
1.0	0.00208
1.0	0.010769
0.267838	0.00147
1.0	0.01043
0.997242	0.004007
0.143889	0.005009
0.995227	0.022896
0.077546	0.006273
1.0	0.005403
0.120128	0.001607
1.0	0.020627
0.016883	0.00289
0.053169	0.004698
0.995643	0.003545
0.018628	0.016175
0.009254	0.000939
1.0	0.074443
1.0	0.000812
0.994491	0.00057
1.0	0.001944
1.0	0.001925
0.994846	0.004247
0.103551	0.010461
0.995227	0.003267
0.994491	0.006104
0.995227	0.001678
0.997394	0.001665
1.0	0.004007
0.085604	0.00244
0.994491	0.023414
1.0	0.019835
1.0	0.00599
0.994491	0.006013
1.0	0.006731
0.996623	0.000947
0.111051	0.034574
0.047345	0.041041
0.03723	0.014476
0.07793	0.013697
0.994491	0.003393
0.996623	0.013801
0.993843	0.014563
0.994491	0.028202
0.996102	0.009271
0.994491	0.060192
1.0	0.014979
0.995227	0.009439
0.994491	0.004144
0.996102	0.00546
0.996623	0.006488
1.0	0.014618
0.13483	0.007085
1.0	0.012577
0.00484	0.001601
1.0	0.005918
0.995643	0.025147
0.069681	0.003934
0.997849	0.004047
1.0	0.02539
0.994846	0.009849
0.997242	0.008411
0.995227	0.00498
0.995227	0.006653
0.277258	0.060744
1.0	0.002661
0.997674	0.007389
1.0	0.002547
0.038946	0.007426
1.0	0.002176
1.0	0.019244
0.189132	0.007164
1.0	0.007636
0.995643	0.003607
1.0	0.004093
1.0	0.002443
0.997242	0.00133
0.996623	0.003566
0.994846	0.014762
0.996623	0.011119
1.0	0.012739
0.108866	0.001807
0.994491	0.01163
1.0	0.016992
1.0	0.011096
0.077519	0.009213
0.996102	0.004985
1.0	0.021847
1.0	0.00198
0.995643	0.00116
0.995643	0.011032
1.0	0.008106
0.265854	0.004948
0.994491	0.001169
0.994491	0.00315
1.0	0.031414
0.087526	0.004569
0.284562	0.025382
0.016798	0.001282
0.995643	0.006839
0.994491	0.00057
1.0	0.005277
0.997492	0.007139
0.114756	0.00242
1.0	0.001635
0.995643	0.00051
0.994491	0.008885
0.995227	0.039966
0.994491	0.010617
0.994491	0.012933
1.0	0.010941
0.995227	0.007658
0.172514	0.014563
0.994491	0.01358
1.0	0.010004
0.996102	0.002876
1.0	0.024608
1.0	0.001114
0.994491	0.008206
0.994491	0.008233
0.994491	0.033597
0.994491	0.010513
0.123794	0.00759
0.994491	0.005098
0.999178	0.000753
0.994491	0.001996
0.996102	0.001575
1.0	0.005401
