model	T5
1.0	0.00127
1.0	0.002165
1.0	0.000798
1.0	0.000138
1.0	0.000307
1.0	0.00033
1.0	0.000476
1.0	0.000541
1.0	0.006875
1.0	0.00117
1.0	0.000254
0.341407	0.000262
1.0	0.000304
1.0	0.00021
1.0	0.003333
1.0	0.000303
1.0	0.000164
1.0	0.002771
1.0	0.000261
1.0	0.00041
1.0	0.00119
0.106641	0.003846
0.033404	0.001695
0.332725	0.000533
1.0	0.000322
1.0	0.000776
0.229883	0.000238
0.244396	0.000269
1.0	0.000199
1.0	0.000444
1.0	0.003392
1.0	0.001383
0.001028	0.000231
1.0	0.003899
1.0	0.000198
1.0	0.000204
1.0	0.003975
1.0	0.000588
1.0	0.000199
0.711687	0.000478
1.0	0.000126
0.112095	0.000246
1.0	0.001057
0.30944	0.000247
1.0	0.000821
0.015777	0.000357
0.000759	9.7e-05
0.489177	0.000586
1.0	0.000421
1.0	0.000236
1.0	0.000219
1.0	0.000314
0.005224	0.001036
1.0	0.003985
1.0	0.000739
1.0	0.000146
1.0	0.00101
1.0	0.000256
0.078755	0.001656
1.0	0.000851
0.088375	0.000221
1.0	0.000262
0.041653	0.000304
0.041653	0.000304
1.0	0.000315
1.0	0.000272
1.0	0.000283
1.0	0.000133
1.0	0.000284
1.0	0.000328
1.0	0.000415
1.0	0.005692
1.0	0.000778
1.0	0.000404
1.0	0.001907
1.0	0.000306
1.0	3.6e-05
1.0	0.005692
1.0	0.000124
1.0	0.000298
0.073548	0.000362
1.0	0.002585
1.0	0.002013
1.0	0.000377
1.0	0.000122
1.0	0.000287
0.568039	0.000934
1.0	0.000694
0.103356	0.000871
0.172368	0.000511
1.0	0.000781
1.0	3.6e-05
1.0	0.001792
0.002076	0.000455
0.011239	0.000399
0.416593	0.000134
0.117965	0.000551
0.001158	0.000741
1.0	0.001032
1.0	0.000749
1.0	0.011507
1.0	8.6e-05
1.0	0.000238
1.0	0.000768
0.422782	0.001186
1.0	0.000246
1.0	0.002499
1.0	0.007229
0.160602	0.000442
1.0	0.027834
1.0	0.000555
1.0	7.3e-05
1.0	0.002855
1.0	0.001556
1.0	0.000164
1.0	0.00038
0.099988	0.014765
1.0	0.000292
0.117965	0.000162
1.0	0.001761
1.0	0.001627
1.0	0.002899
1.0	0.000257
1.0	0.000612
1.0	0.00049
1.0	0.000353
1.0	0.000284
1.0	0.000337
1.0	0.000283
0.112969	0.000175
1.0	0.000535
1.0	0.001951
0.090897	0.000243
1.0	0.001267
1.0	0.000541
1.0	0.000262
1.0	0.000768
1.0	0.000105
1.0	0.001363
0.41923	0.000193
1.0	0.00065
1.0	0.000192
1.0	0.001444
1.0	0.004977
1.0	0.00204
0.00676	0.005142
1.0	0.000253
1.0	0.001444
1.0	0.000131
0.093222	0.000614
1.0	0.000101
0.230689	0.001849
0.752912	0.001093
1.0	0.001203
1.0	0.001359
1.0	0.001839
1.0	0.000162
1.0	0.000306
1.0	0.000768
1.0	0.000962
1.0	0.000276
1.0	0.000836
1.0	0.000175
0.408137	0.000599
0.117109	0.001663
1.0	0.00042
1.0	0.005025
1.0	0.000238
1.0	0.003125
1.0	0.000224
1.0	0.000425
1.0	0.000715
1.0	0.000465
0.174025	0.00066
0.00693	0.00046
1.0	0.000114
1.0	0.000137
1.0	0.000136
0.10862	0.000568
1.0	0.000672
0.049846	0.001116
0.025443	0.000135
0.002686	0.000417
1.0	0.000189
1.0	0.009332
1.0	0.000777
0.06704	0.000183
1.0	0.000547
0.05996	0.000617
1.0	0.000975
1.0	0.00189
1.0	0.004263
1.0	0.00436
1.0	0.000374
0.075859	0.00043
0.020338	0.00036
1.0	0.001467
0.011511	0.000472
1.0	0.000423
1.0	0.001924
0.001806	0.000395
1.0	0.000238
1.0	0.001638
1.0	0.000347
1.0	0.002779
1.0	0.000538
1.0	0.000628
1.0	0.044355
1.0	0.004243
1.0	0.000299
0.211107	0.000397
0.213449	0.00108
1.0	0.000567
0.001923	0.003512
1.0	0.00067
1.0	0.001295
1.0	8.9e-05
1.0	0.002162
0.515609	0.00116
1.0	0.000442
1.0	0.002331
0.002686	0.000163
0.001511	0.0005
1.0	0.000862
1.0	0.000202
1.0	0.000272
1.0	0.000233
1.0	0.000927
1.0	1.1e-05
0.039865	0.000181
1.0	0.001005
0.414785	0.000554
1.0	0.000778
1.0	0.000311
1.0	0.000385
1.0	0.000377
1.0	0.00071
1.0	0.000315
1.0	0.000387
0.20239	0.000698
0.001498	0.000387
0.392806	0.000255
0.010735	0.003319
1.0	0.001668
1.0	0.000209
1.0	0.000179
1.0	0.00019
1.0	0.000842
1.0	0.000768
1.0	0.003003
1.0	0.000768
1.0	0.000988
1.0	0.000198
1.0	0.000345
1.0	0.000508
1.0	0.000143
1.0	0.00075
1.0	0.002886
1.0	0.000768
1.0	0.000553
1.0	0.000565
1.0	0.000798
1.0	0.000828
1.0	0.000768
1.0	8.6e-05
1.0	0.0014
1.0	0.000768
1.0	0.000299
1.0	0.00051
1.0	0.000188
1.0	0.004959
1.0	0.00053
1.0	0.004787
1.0	0.001212
1.0	0.000122
0.03513	0.000237
1.0	0.003101
1.0	0.001434
1.0	0.000263
0.099852	0.000569
0.178744	3.6e-05
1.0	0.000164
0.139866	0.000205
1.0	0.002179
1.0	0.000505
1.0	0.000528
1.0	0.00048
1.0	0.000272
1.0	0.009624
1.0	0.000185
1.0	0.000377
1.0	0.000874
1.0	0.000213
1.0	0.003537
1.0	0.005611
1.0	0.000863
0.075859	0.00363
0.075859	0.000267
1.0	0.000404
1.0	0.001314
1.0	0.001186
1.0	0.002402
1.0	0.000377
1.0	0.000528
0.195428	0.00082
0.093222	0.000539
1.0	0.001011
1.0	0.000466
1.0	0.000218
1.0	0.000436
0.007632	0.000228
1.0	0.000444
0.322355	0.00043
1.0	0.000521
1.0	0.001522
1.0	0.003003
1.0	0.000872
1.0	0.002041
1.0	0.001231
1.0	0.000213
1.0	0.000178
1.0	0.000847
0.095817	0.001231
1.0	0.001745
1.0	0.000197
1.0	0.007519
1.0	0.000388
1.0	0.000482
0.159229	0.000169
0.032325	0.00027
1.0	0.000178
1.0	0.000608
1.0	0.00018
1.0	0.000266
1.0	0.000768
1.0	0.007792
0.03513	0.000208
1.0	0.000192
0.01276	0.003088
1.0	0.000752
0.002686	0.000356
1.0	0.000962
1.0	1.2e-05
1.0	0.001225
1.0	0.000179
0.115731	0.000375
1.0	0.011176
0.117965	7.5e-05
1.0	0.001444
1.0	0.001057
0.178347	0.003008
1.0	0.000105
0.035082	0.000173
0.007885	0.000517
0.048918	0.000218
1.0	0.000168
1.0	0.000341
1.0	0.005317
1.0	0.002271
1.0	0.002499
1.0	0.000518
1.0	0.001322
1.0	0.000794
1.0	0.000704
1.0	0.000299
0.046884	0.000145
1.0	0.000256
1.0	0.006555
1.0	5.3e-05
1.0	0.000365
1.0	0.000659
1.0	0.00029
1.0	0.000154
1.0	0.000175
0.070059	0.000519
1.0	0.011637
1.0	0.000287
1.0	0.001958
1.0	0.000768
0.002686	0.007003
1.0	0.000206
1.0	0.000755
1.0	0.000273
1.0	0.000427
1.0	0.00023
1.0	0.000262
1.0	0.000132
1.0	0.001944
1.0	0.003854
0.139866	0.000154
1.0	0.000225
1.0	0.000334
0.150289	0.000282
1.0	0.000437
0.002714	0.000339
1.0	0.000757
1.0	0.000812
0.401144	0.00171
1.0	0.00243
0.101926	0.002286
1.0	0.00026
1.0	0.003499
0.128793	0.000265
1.0	0.002526
1.0	0.00532
1.0	0.000297
0.094015	0.000982
1.0	0.000304
1.0	0.00204
1.0	0.000199
1.0	0.000144
1.0	0.000209
1.0	0.000253
1.0	0.001231
1.0	0.000172
1.0	0.00035
1.0	0.00173
1.0	0.007792
1.0	0.002352
1.0	0.00032
0.283764	0.001018
1.0	0.000608
1.0	0.000682
0.099136	0.000583
0.002006	0.000235
0.007482	0.001707
1.0	0.000357
1.0	0.001185
1.0	0.00026
0.168072	0.000683
1.0	0.001268
1.0	0.000121
1.0	0.002413
1.0	0.001527
1.0	0.000293
1.0	0.001444
1.0	0.000752
1.0	0.000262
0.211107	0.000331
1.0	0.000479
1.0	0.0002
1.0	0.000289
1.0	0.000214
0.233311	0.000231
0.117965	0.000286
1.0	0.000156
1.0	0.000125
0.120411	0.001696
1.0	0.001278
1.0	0.005692
1.0	0.000573
0.024854	0.000213
1.0	0.001171
0.090767	0.000865
1.0	0.000429
0.136599	0.000858
0.236374	0.00037
1.0	0.001011
0.178347	0.000465
0.099136	0.000897
1.0	0.000447
1.0	0.000741
0.093063	0.000141
0.009467	0.000312
1.0	0.000151
1.0	0.001506
0.220778	0.001386
1.0	0.001169
1.0	0.000234
1.0	0.000144
0.616744	0.000253
0.002436	0.000257
0.194474	0.00024
1.0	0.000178
1.0	0.000256
1.0	0.000104
1.0	0.000529
1.0	0.000196
1.0	0.004245
1.0	0.007792
0.110121	0.001464
0.099043	0.000254
1.0	0.000519
1.0	0.013451
1.0	0.000613
1.0	0.000999
1.0	0.000347
1.0	0.001676
1.0	0.00016
1.0	0.00176
1.0	0.001136
0.099366	0.001118
1.0	0.005469
1.0	0.000516
1.0	0.000955
1.0	9.4e-05
1.0	0.000651
1.0	0.000223
1.0	0.00017
1.0	0.000436
1.0	0.000312
1.0	0.00191
0.032325	0.000403
0.021397	0.000311
0.177959	0.000397
1.0	0.001757
0.002615	9.6e-05
1.0	3.1e-05
1.0	0.000174
1.0	0.00022
1.0	0.000223
0.121331	0.000488
1.0	0.000181
1.0	0.001002
1.0	0.000607
1.0	0.00477
0.016265	0.001367
1.0	0.00101
1.0	0.000863
0.026214	0.000712
1.0	0.000217
1.0	0.003003
1.0	0.006529
1.0	0.000212
0.172301	0.005002
1.0	0.000356
1.0	0.005177
0.201542	0.00041
1.0	0.001144
1.0	0.000258
1.0	0.00146
1.0	0.000275
1.0	0.000164
1.0	0.000214
0.020868	0.000307
1.0	0.000405
1.0	0.001768
1.0	0.000407
1.0	0.000574
0.018119	0.000225
1.0	0.000133
0.65531	0.008917
0.00172	0.000226
0.010646	0.000263
1.0	0.001429
1.0	0.000309
1.0	0.000272
1.0	0.001084
1.0	0.00056
1.0	0.000409
1.0	0.000335
1.0	0.001809
1.0	0.001832
0.226488	0.000691
0.364282	0.010081
1.0	0.001619
1.0	0.001373
1.0	0.000851
0.160864	0.000979
1.0	0.000265
1.0	0.000397
1.0	0.000338
1.0	0.000777
1.0	0.000199
1.0	0.000507
1.0	0.003115
1.0	0.000422
1.0	0.000138
0.022352	0.000533
1.0	0.001002
1.0	0.000129
1.0	0.000768
1.0	0.004406
1.0	0.000441
1.0	8.7e-05
1.0	0.000304
0.167668	0.001009
0.462057	0.000747
1.0	0.000365
1.0	0.004861
1.0	7.9e-05
1.0	0.000219
1.0	0.005447
1.0	0.000243
1.0	0.001928
1.0	0.000286
1.0	0.000592
1.0	0.001247
0.105797	0.000386
1.0	0.0001
1.0	0.000961
1.0	0.000768
1.0	0.004655
1.0	0.000285
0.105797	0.000895
1.0	0.000417
1.0	0.000284
1.0	0.000662
1.0	0.000355
0.422743	0.001301
0.002686	0.00046
0.069611	0.000672
1.0	0.000365
1.0	0.000544
0.314817	0.002244
1.0	9.6e-05
0.14632	0.000173
0.177959	0.001998
1.0	0.000217
0.121331	0.000463
0.241991	0.000763
1.0	0.000687
1.0	0.000115
1.0	0.005053
1.0	0.000201
1.0	0.001095
1.0	0.000419
1.0	0.000508
0.002686	0.00165
1.0	0.000436
1.0	0.001202
1.0	0.001771
1.0	0.000768
0.032325	0.000255
1.0	0.000243
0.428597	0.000295
1.0	0.007958
0.763627	0.001913
1.0	0.001188
1.0	0.000328
1.0	0.000809
1.0	0.00128
1.0	0.00023
1.0	0.001002
1.0	0.001299
1.0	0.001052
1.0	0.000308
1.0	0.001835
1.0	0.000173
1.0	0.001278
1.0	0.001036
1.0	0.000519
1.0	0.000292
1.0	0.002122
0.001389	0.000484
1.0	0.000211
0.002686	0.008477
0.003555	0.000288
1.0	0.000115
1.0	0.000251
1.0	0.000965
0.058656	0.000311
0.117965	0.000111
1.0	0.000235
1.0	0.000565
1.0	0.000829
1.0	0.000213
0.505364	0.000192
1.0	0.000304
1.0	0.000844
1.0	0.001434
1.0	0.000929
1.0	0.002496
1.0	0.000683
1.0	0.000406
1.0	0.00023
1.0	8.7e-05
0.265853	0.000728
1.0	0.000613
0.183913	0.003965
0.06298	0.00039
1.0	0.000322
1.0	0.005288
1.0	0.002177
1.0	0.053787
0.085831	0.002115
1.0	0.002148
1.0	0.000768
0.028903	9.8e-05
1.0	0.000101
0.011949	0.001241
0.007837	0.000897
1.0	0.000311
1.0	0.00083
1.0	0.00119
1.0	0.000462
0.091648	0.001541
1.0	0.000874
1.0	0.000768
1.0	0.000103
1.0	0.004496
1.0	0.000163
1.0	0.000155
1.0	0.000523
1.0	0.000245
1.0	0.000768
1.0	0.000768
1.0	0.000543
1.0	0.000572
1.0	0.000476
1.0	0.005857
1.0	0.000602
1.0	0.001444
1.0	0.007792
1.0	0.004079
1.0	0.000384
1.0	0.002031
1.0	0.000228
1.0	0.000363
0.121569	0.000303
1.0	0.000237
1.0	0.003376
1.0	0.000928
1.0	0.003518
0.251262	0.001938
1.0	0.000382
1.0	0.001245
1.0	0.002117
0.117965	0.000199
0.167805	0.000485
1.0	0.000101
1.0	0.000583
1.0	0.003504
0.462057	0.000866
1.0	0.000233
1.0	0.003291
1.0	0.000243
1.0	0.001557
0.26789	0.008724
1.0	0.000484
1.0	0.00042
0.025853	0.000444
1.0	0.002093
1.0	0.00355
0.314817	0.000384
1.0	0.001658
0.207359	0.001965
1.0	0.000303
1.0	0.00037
1.0	0.00033
1.0	0.000104
1.0	0.002337
1.0	0.000412
0.416826	0.000296
1.0	0.00034
1.0	0.000637
1.0	0.000951
1.0	0.000999
0.153621	0.002161
0.241991	0.000916
1.0	0.000151
0.002686	0.000498
1.0	0.000518
0.192185	0.000586
1.0	0.000768
1.0	0.000149
1.0	0.000239
1.0	0.0005
1.0	0.000324
1.0	0.002357
1.0	0.004742
1.0	0.001348
1.0	0.00029
1.0	0.000354
1.0	0.00018
1.0	0.000242
1.0	0.001032
1.0	0.000687
1.0	0.001488
1.0	0.000933
1.0	0.000484
1.0	0.000295
1.0	0.000181
1.0	0.00117
1.0	0.000343
1.0	0.000765
1.0	0.00021
0.107521	5.9e-05
1.0	0.000243
1.0	0.000289
1.0	0.00101
1.0	0.001444
1.0	0.000305
1.0	0.000237
1.0	0.000131
1.0	0.000136
1.0	0.000741
1.0	0.000209
0.001122	0.000124
1.0	0.004454
1.0	0.000306
1.0	0.000667
1.0	0.002387
1.0	0.000312
1.0	0.000506
1.0	0.003793
1.0	0.004072
1.0	0.001423
1.0	0.00035
1.0	0.000422
1.0	0.00032
0.078013	0.001
1.0	0.00165
1.0	0.000257
1.0	0.002023
1.0	0.000863
1.0	0.003562
0.590858	0.000713
1.0	0.001449
1.0	0.000284
1.0	0.000703
1.0	0.000315
0.035082	0.000272
0.074006	0.000186
1.0	0.000378
1.0	0.000627
1.0	0.000888
1.0	0.000645
1.0	0.002121
1.0	0.000428
0.007261	0.001421
1.0	0.002945
1.0	0.000256
0.002686	0.007792
1.0	0.000142
1.0	0.000412
1.0	0.00023
1.0	0.000272
1.0	0.000109
1.0	0.000768
1.0	0.002019
1.0	0.000415
1.0	0.000234
1.0	0.000181
1.0	0.006377
1.0	0.0001
1.0	0.006286
1.0	0.000486
1.0	0.000494
1.0	0.000635
0.340216	0.000198
1.0	0.001276
0.153621	0.000488
1.0	0.009278
1.0	0.000344
1.0	0.000454
1.0	0.001727
0.273581	0.000257
1.0	0.001889
1.0	0.000304
1.0	0.000388
0.002686	0.017513
1.0	0.001472
1.0	0.000119
1.0	0.001478
1.0	0.000191
1.0	0.000282
0.226956	0.000252
1.0	0.000859
1.0	0.000181
1.0	0.000561
1.0	0.00038
0.515609	0.001076
1.0	0.00045
1.0	0.00061
1.0	0.000321
1.0	0.00029
1.0	0.000523
0.357675	0.000357
0.094303	0.002093
1.0	0.000373
1.0	0.000545
0.180727	0.000233
1.0	0.000144
1.0	0.003432
0.41402	0.000339
1.0	0.000324
1.0	0.000308
1.0	0.000366
0.329283	0.000366
0.001409	0.000499
0.999675	0.000474
1.0	0.002082
0.078214	0.00031
1.0	0.000806
1.0	0.002426
0.06786	0.000214
1.0	0.001246
0.095692	0.000479
1.0	0.000417
1.0	0.004735
1.0	0.00025
1.0	0.001843
1.0	0.00035
1.0	0.000374
1.0	0.000484
1.0	0.000966
1.0	0.00031
0.156076	0.000112
0.016914	0.000692
1.0	0.000408
0.382921	0.001672
1.0	0.000982
0.6093	0.000205
1.0	0.007161
1.0	0.002909
1.0	0.000705
0.002686	0.000255
1.0	0.000321
0.002237	0.000316
1.0	0.001363
1.0	0.000207
1.0	0.00019
1.0	0.000267
1.0	0.000243
1.0	0.00092
1.0	0.002314
1.0	0.000322
1.0	0.000126
0.426022	0.000337
0.022969	0.000368
0.00174	0.000185
0.020375	0.000159
0.002652	0.000522
1.0	0.000158
1.0	1.0
1.0	0.000275
1.0	0.000326
1.0	0.004698
1.0	0.000164
1.0	0.000661
1.0	0.00037
1.0	0.000413
1.0	0.013408
0.000472	0.000398
0.006247	0.000646
1.0	0.001715
1.0	0.000768
1.0	0.00031
1.0	0.004245
1.0	0.00091
1.0	0.000334
1.0	0.000498
1.0	0.000337
1.0	0.000163
0.120543	0.000437
0.000687	0.001979
0.010433	0.000624
0.416826	0.000438
0.01196	0.002647
0.183429	0.000757
1.0	0.000393
1.0	0.000447
0.002962	0.000168
1.0	0.010597
1.0	0.000113
1.0	0.00045
1.0	0.000153
1.0	0.00065
1.0	0.000636
0.057393	0.000439
1.0	0.000269
1.0	0.000239
1.0	9.6e-05
1.0	0.005661
1.0	0.000184
1.0	0.0004
1.0	6.9e-05
1.0	0.000252
1.0	0.000104
1.0	0.000441
1.0	0.000305
1.0	0.008673
1.0	0.000851
1.0	0.001564
0.120786	0.001363
1.0	0.000433
1.0	0.000505
1.0	0.000249
1.0	0.000195
1.0	0.000102
0.026062	0.001252
1.0	0.000217
1.0	0.00215
0.002686	0.005692
1.0	0.000198
1.0	0.001344
1.0	0.000459
1.0	0.000342
0.057393	0.000338
0.002527	0.000445
1.0	0.001538
1.0	0.000615
1.0	9.4e-05
1.0	0.000471
1.0	0.002288
1.0	0.00041
1.0	0.0005
0.010458	0.000217
0.002686	0.000125
1.0	0.000491
0.001583	0.00039
0.020375	0.000144
1.0	0.000276
0.202807	0.000149
1.0	0.000408
0.422782	0.009413
1.0	0.007792
0.422782	0.011544
0.161064	0.00038
0.022638	0.000606
1.0	0.000147
1.0	0.002023
0.012583	0.000255
1.0	0.003921
1.0	0.000816
1.0	0.000421
0.195428	0.001275
0.411804	0.001738
1.0	0.000221
1.0	0.000497
1.0	0.000463
1.0	0.005661
1.0	0.001907
1.0	0.01017
1.0	0.001643
0.041808	0.000397
1.0	0.000467
1.0	0.000239
1.0	0.005366
1.0	0.000386
1.0	0.000607
1.0	0.003477
1.0	0.003338
1.0	0.00036
1.0	0.000146
1.0	0.000343
1.0	0.000193
0.016574	0.000174
1.0	0.002344
1.0	0.000307
1.0	0.000186
0.01572	0.004708
1.0	0.000129
1.0	0.000401
0.005598	0.010357
0.093962	0.001115
0.01144	0.000361
0.057901	0.000213
1.0	0.000842
1.0	0.000385
1.0	0.007067
0.356307	0.013333
1.0	0.000212
1.0	0.000129
1.0	0.000602
0.150345	0.000257
1.0	0.002408
1.0	0.000118
1.0	0.000278
1.0	0.000124
1.0	7.1e-05
1.0	8.2e-05
1.0	0.002216
1.0	0.000281
0.139726	0.000538
1.0	0.000444
1.0	0.000587
0.147432	0.002468
0.004698	0.000494
1.0	0.000792
0.002686	0.00088
1.0	0.000255
1.0	0.001543
1.0	0.000768
1.0	0.000194
1.0	0.004834
1.0	0.000277
1.0	0.000388
1.0	0.001139
1.0	0.000398
1.0	0.000233
0.187741	0.000283
1.0	0.000382
1.0	0.000181
1.0	0.000176
1.0	0.000717
0.002686	0.004245
1.0	0.000171
1.0	0.003859
1.0	0.001523
1.0	0.001166
1.0	0.000685
1.0	0.000938
1.0	0.024152
1.0	0.000219
0.428556	0.000468
0.0239	0.000719
1.0	0.000566
1.0	0.000287
1.0	0.00196
1.0	0.000378
1.0	0.002217
1.0	0.007341
0.784093	0.005268
0.422782	0.010179
1.0	0.003187
0.003801	0.000375
1.0	0.000232
1.0	0.001098
1.0	0.007792
1.0	0.000144
1.0	0.022512
1.0	0.005136
1.0	0.001845
1.0	0.002223
1.0	0.00034
0.103175	0.00312
1.0	0.000897
1.0	0.000218
1.0	0.000897
1.0	0.000355
1.0	0.000669
0.331922	0.000263
1.0	0.000933
1.0	0.000382
1.0	0.000292
1.0	0.000488
1.0	0.000487
0.002686	0.007792
1.0	0.00032
1.0	0.002293
1.0	0.000425
1.0	0.000331
1.0	0.001678
0.012224	0.001692
0.408137	0.000291
1.0	0.000144
1.0	0.002192
1.0	0.000472
1.0	0.000135
0.006904	0.000174
0.183913	0.000604
1.0	0.000482
1.0	0.000229
0.764985	0.001652
1.0	0.001004
1.0	0.000494
0.084367	0.000356
1.0	0.000296
0.146756	0.000822
0.003127	0.00035
1.0	0.000562
1.0	0.000481
0.097614	0.000191
1.0	0.000176
0.44928	0.000301
1.0	0.001015
1.0	0.000768
1.0	8e-05
1.0	0.000305
1.0	0.001231
1.0	0.000839
1.0	0.0002
1.0	0.001354
1.0	0.005208
1.0	0.000629
1.0	0.000293
1.0	0.000184
1.0	0.000215
0.230914	0.000149
1.0	0.003273
0.107389	0.000271
0.999349	0.003754
1.0	0.001146
1.0	0.001066
1.0	0.000432
1.0	0.000276
1.0	0.000225
1.0	0.010622
1.0	0.000267
1.0	0.003537
1.0	0.003537
1.0	0.000162
1.0	0.000623
1.0	0.001335
0.164353	0.000687
1.0	0.000113
0.002686	0.000693
0.07252	0.000445
1.0	0.000184
0.074037	0.000179
1.0	0.000103
1.0	0.00072
0.001301	0.001684
1.0	0.000162
1.0	0.000195
1.0	0.000413
1.0	0.000326
1.0	0.001859
1.0	0.000255
0.003649	0.00031
1.0	0.000173
1.0	0.007621
1.0	0.000365
1.0	0.001056
1.0	0.000273
1.0	0.00015
1.0	0.000213
1.0	0.000292
1.0	0.000365
1.0	0.00021
1.0	0.000147
1.0	0.000168
1.0	0.001034
1.0	0.000508
0.002367	0.000541
1.0	0.000239
1.0	0.000283
0.094015	0.000104
1.0	0.000855
1.0	0.000693
1.0	0.00065
1.0	0.00039
1.0	0.001103
1.0	0.003943
0.999675	0.000143
1.0	0.000243
1.0	0.000378
0.569358	0.00029
1.0	0.002626
1.0	0.00013
1.0	0.000768
1.0	0.02779
1.0	0.001619
0.054437	0.000257
0.322403	0.008611
1.0	0.000235
1.0	0.000269
1.0	0.000977
0.455367	0.000344
0.455367	0.000186
1.0	0.000177
1.0	0.019497
0.177959	0.000272
1.0	0.000751
1.0	0.000219
1.0	0.000219
1.0	0.00035
1.0	0.000403
1.0	0.003018
0.016924	0.001025
1.0	0.000236
1.0	0.000155
1.0	0.000457
1.0	0.000618
1.0	0.002095
1.0	0.000615
0.416826	0.004466
0.296187	0.000282
1.0	0.000378
1.0	0.000691
1.0	0.0067
1.0	0.001685
1.0	0.004581
0.011614	0.000245
0.002979	0.000561
0.16242	0.002546
1.0	0.001313
0.356768	0.000379
1.0	0.001984
1.0	0.00119
1.0	0.00066
1.0	0.0003
1.0	0.000397
1.0	0.002686
1.0	0.000106
1.0	0.000144
1.0	0.000308
1.0	0.000243
0.595435	0.00021
1.0	0.001144
1.0	0.001149
0.069874	0.000266
1.0	0.005863
0.225898	0.001273
1.0	0.0022
1.0	0.000338
1.0	0.002612
1.0	0.00033
1.0	0.000224
1.0	0.000232
1.0	0.000149
1.0	0.00068
1.0	0.000332
1.0	0.000719
0.269082	0.000267
1.0	0.006495
0.215266	0.001404
0.416826	0.004806
1.0	0.000302
1.0	0.00153
1.0	0.000113
1.0	0.001815
1.0	0.000831
1.0	0.00059
0.150903	0.000471
1.0	0.002322
1.0	0.000174
1.0	0.003407
0.407302	0.000203
0.381686	0.002917
0.053713	0.000525
0.053713	0.000525
1.0	0.001215
1.0	7.4e-05
1.0	0.002312
1.0	0.005692
1.0	0.004398
1.0	0.003537
1.0	0.000497
0.002686	0.007792
0.002686	0.001057
1.0	0.008601
0.492735	0.003422
0.07325	0.000292
1.0	0.002057
0.057364	0.00058
1.0	4.3e-05
1.0	0.000652
1.0	0.000349
1.0	0.000657
0.148671	0.000218
1.0	0.00606
1.0	0.000384
0.073258	0.000608
1.0	0.007488
0.035646	0.000276
1.0	0.001874
0.050943	0.000322
1.0	0.006962
0.002686	0.00025
0.008412	0.001485
1.0	0.000416
0.001356	0.005692
0.002424	0.000213
1.0	0.000999
1.0	0.000118
1.0	0.000192
1.0	0.000257
1.0	0.000234
1.0	0.002002
0.050577	0.000727
1.0	0.000307
1.0	0.002592
1.0	0.000178
1.0	0.000275
1.0	0.00024
0.01978	0.000679
1.0	0.001302
1.0	0.000226
1.0	0.000584
1.0	0.000417
1.0	0.001301
1.0	0.000194
0.057924	0.003099
0.017137	0.001532
0.002191	0.000695
0.024728	0.002688
1.0	0.000863
1.0	0.000176
1.0	0.000315
1.0	0.007792
1.0	0.001385
1.0	0.037359
1.0	0.001253
1.0	0.000466
1.0	0.001535
1.0	0.000399
1.0	0.001422
1.0	0.000294
0.012593	0.000326
1.0	0.001173
0.000687	0.00025
1.0	0.000543
1.0	0.000614
0.032325	0.0005
1.0	0.001565
1.0	0.002259
1.0	0.002391
1.0	0.000423
1.0	0.00119
1.0	0.000518
0.101824	0.010281
1.0	0.000415
1.0	0.008047
1.0	0.000149
0.007746	0.00035
1.0	0.000187
1.0	0.001025
0.048719	0.000819
1.0	0.000357
1.0	0.000173
1.0	0.000257
1.0	0.001372
1.0	0.000116
1.0	0.000189
1.0	0.001045
1.0	0.000292
1.0	0.000954
0.054247	0.000465
1.0	0.008308
1.0	0.000713
1.0	0.000426
0.03372	0.00102
1.0	0.000323
1.0	0.000325
1.0	0.000112
1.0	0.000117
1.0	0.00038
1.0	0.000357
0.265853	0.000239
1.0	0.00101
1.0	0.000661
1.0	0.002983
0.009432	0.000167
0.284566	0.000945
0.004167	0.000434
1.0	0.000217
1.0	0.000192
1.0	0.000298
1.0	0.000587
0.025393	0.000694
1.0	0.000808
1.0	8.7e-05
1.0	0.000382
1.0	0.000709
1.0	0.000768
1.0	0.003375
1.0	0.000638
1.0	0.00027
0.053713	0.000525
1.0	0.000327
1.0	0.001018
1.0	0.000273
1.0	0.000961
1.0	0.000135
1.0	0.000688
1.0	0.001674
1.0	0.003537
1.0	0.002197
0.029561	0.001574
1.0	0.001098
1.0	0.00027
1.0	0.000306
1.0	0.000168
1.0	0.001083
